<?xml version="1.0" encoding="UTF-8"?>
<!-- Generated by org.testng.reporters.JUnitReportReporter -->
<testsuite hostname="7568mdsalman" failures="0" tests="2" name="p1.CreateContactTest" time="0.013" errors="0" timestamp="2024-10-04T18:01:36 IST" skipped="0">
  <testcase classname="p1.CreateContactTest" name="modifyTest" time="0.005"/>
  <system-out/>
  <testcase classname="p1.CreateContactTest" name="createTest" time="0.008"/>
  <system-out/>
</testsuite> <!-- p1.CreateContactTest -->
