<?xml version="1.0" encoding="UTF-8"?>
<!-- Generated by org.testng.reporters.JUnitReportReporter -->
<testsuite hostname="7568mdsalman" failures="0" tests="2" name="P2.CreateOrgTest" time="0.002" errors="0" timestamp="2024-10-04T18:00:48 IST" skipped="0">
  <testcase classname="P2.CreateOrgTest" name="createOrgTest" time="0.001"/>
  <system-out/>
  <testcase classname="P2.CreateOrgTest" name="modifyOrgTest" time="0.001"/>
  <system-out/>
</testsuite> <!-- P2.CreateOrgTest -->
